<?xml version="1.0" encoding="UTF-8"?>
<testsuite xmlns:xsi="http://www.w3.org/2001/XMLSchema-instance" xsi:noNamespaceSchemaLocation="https://maven.apache.org/surefire/maven-surefire-plugin/xsd/surefire-test-report-3.0.xsd" version="3.0" name="com.opencart.testrunner.TestRunner" time="36.583" tests="7" errors="0" skipped="0" failures="0">
  <properties>
    <property name="sun.desktop" value="windows"/>
    <property name="awt.toolkit" value="sun.awt.windows.WToolkit"/>
    <property name="file.encoding.pkg" value="sun.io"/>
    <property name="java.specification.version" value="1.8"/>
    <property name="sun.cpu.isalist" value="amd64"/>
    <property name="sun.jnu.encoding" value="Cp1252"/>
    <property name="java.class.path" value="C:\Users\priya gopinath\git\ProjectSelenium\pull\CucumberProject\target\test-classes;C:\Users\priya gopinath\git\ProjectSelenium\pull\CucumberProject\target\classes;C:\Users\priya gopinath\.m2\repository\com\beust\jcommander\1.27\jcommander-1.27.jar;C:\Users\priya gopinath\.m2\repository\org\apache\poi\poi\4.1.2\poi-4.1.2.jar;C:\Users\priya gopinath\.m2\repository\commons-codec\commons-codec\1.13\commons-codec-1.13.jar;C:\Users\priya gopinath\.m2\repository\org\apache\commons\commons-collections4\4.4\commons-collections4-4.4.jar;C:\Users\priya gopinath\.m2\repository\org\apache\commons\commons-math3\3.6.1\commons-math3-3.6.1.jar;C:\Users\priya gopinath\.m2\repository\com\zaxxer\SparseBitSet\1.2\SparseBitSet-1.2.jar;C:\Users\priya gopinath\.m2\repository\org\apache\poi\poi-ooxml\4.1.2\poi-ooxml-4.1.2.jar;C:\Users\priya gopinath\.m2\repository\org\apache\poi\poi-ooxml-schemas\4.1.2\poi-ooxml-schemas-4.1.2.jar;C:\Users\priya gopinath\.m2\repository\org\apache\xmlbeans\xmlbeans\3.1.0\xmlbeans-3.1.0.jar;C:\Users\priya gopinath\.m2\repository\org\apache\commons\commons-compress\1.19\commons-compress-1.19.jar;C:\Users\priya gopinath\.m2\repository\com\github\virtuald\curvesapi\1.06\curvesapi-1.06.jar;C:\Users\priya gopinath\.m2\repository\commons-io\commons-io\2.6\commons-io-2.6.jar;C:\Users\priya gopinath\.m2\repository\org\seleniumhq\selenium\selenium-java\3.141.59\selenium-java-3.141.59.jar;C:\Users\priya gopinath\.m2\repository\org\seleniumhq\selenium\selenium-api\3.141.59\selenium-api-3.141.59.jar;C:\Users\priya gopinath\.m2\repository\org\seleniumhq\selenium\selenium-chrome-driver\3.141.59\selenium-chrome-driver-3.141.59.jar;C:\Users\priya gopinath\.m2\repository\org\seleniumhq\selenium\selenium-edge-driver\3.141.59\selenium-edge-driver-3.141.59.jar;C:\Users\priya gopinath\.m2\repository\org\seleniumhq\selenium\selenium-firefox-driver\3.141.59\selenium-firefox-driver-3.141.59.jar;C:\Users\priya gopinath\.m2\repository\org\seleniumhq\selenium\selenium-ie-driver\3.141.59\selenium-ie-driver-3.141.59.jar;C:\Users\priya gopinath\.m2\repository\org\seleniumhq\selenium\selenium-opera-driver\3.141.59\selenium-opera-driver-3.141.59.jar;C:\Users\priya gopinath\.m2\repository\org\seleniumhq\selenium\selenium-remote-driver\3.141.59\selenium-remote-driver-3.141.59.jar;C:\Users\priya gopinath\.m2\repository\org\seleniumhq\selenium\selenium-safari-driver\3.141.59\selenium-safari-driver-3.141.59.jar;C:\Users\priya gopinath\.m2\repository\org\seleniumhq\selenium\selenium-support\3.141.59\selenium-support-3.141.59.jar;C:\Users\priya gopinath\.m2\repository\net\bytebuddy\byte-buddy\1.8.15\byte-buddy-1.8.15.jar;C:\Users\priya gopinath\.m2\repository\org\apache\commons\commons-exec\1.3\commons-exec-1.3.jar;C:\Users\priya gopinath\.m2\repository\com\google\guava\guava\25.0-jre\guava-25.0-jre.jar;C:\Users\priya gopinath\.m2\repository\com\google\code\findbugs\jsr305\1.3.9\jsr305-1.3.9.jar;C:\Users\priya gopinath\.m2\repository\org\checkerframework\checker-compat-qual\2.0.0\checker-compat-qual-2.0.0.jar;C:\Users\priya gopinath\.m2\repository\com\google\errorprone\error_prone_annotations\2.1.3\error_prone_annotations-2.1.3.jar;C:\Users\priya gopinath\.m2\repository\com\google\j2objc\j2objc-annotations\1.1\j2objc-annotations-1.1.jar;C:\Users\priya gopinath\.m2\repository\org\codehaus\mojo\animal-sniffer-annotations\1.14\animal-sniffer-annotations-1.14.jar;C:\Users\priya gopinath\.m2\repository\com\squareup\okhttp3\okhttp\3.11.0\okhttp-3.11.0.jar;C:\Users\priya gopinath\.m2\repository\com\squareup\okio\okio\1.14.0\okio-1.14.0.jar;C:\Users\priya gopinath\.m2\repository\io\cucumber\cucumber-core\6.0.0\cucumber-core-6.0.0.jar;C:\Users\priya gopinath\.m2\repository\io\cucumber\cucumber-gherkin\6.0.0\cucumber-gherkin-6.0.0.jar;C:\Users\priya gopinath\.m2\repository\io\cucumber\cucumber-gherkin-messages\6.0.0\cucumber-gherkin-messages-6.0.0.jar;C:\Users\priya gopinath\.m2\repository\io\cucumber\messages\12.1.1\messages-12.1.1.jar;C:\Users\priya gopinath\.m2\repository\io\cucumber\tag-expressions\2.0.4\tag-expressions-2.0.4.jar;C:\Users\priya gopinath\.m2\repository\io\cucumber\cucumber-expressions\10.2.0\cucumber-expressions-10.2.0.jar;C:\Users\priya gopinath\.m2\repository\io\cucumber\datatable\3.3.1\datatable-3.3.1.jar;C:\Users\priya gopinath\.m2\repository\io\cucumber\cucumber-plugin\6.0.0\cucumber-plugin-6.0.0.jar;C:\Users\priya gopinath\.m2\repository\io\cucumber\docstring\6.0.0\docstring-6.0.0.jar;C:\Users\priya gopinath\.m2\repository\io\cucumber\html-formatter\6.0.2\html-formatter-6.0.2.jar;C:\Users\priya gopinath\.m2\repository\org\apiguardian\apiguardian-api\1.1.0\apiguardian-api-1.1.0.jar;C:\Users\priya gopinath\.m2\repository\io\cucumber\cucumber-java\6.0.0\cucumber-java-6.0.0.jar;C:\Users\priya gopinath\.m2\repository\io\cucumber\cucumber-jvm-deps\1.0.6\cucumber-jvm-deps-1.0.6.jar;C:\Users\priya gopinath\.m2\repository\io\cucumber\cucumber-junit\6.0.0\cucumber-junit-6.0.0.jar;C:\Users\priya gopinath\.m2\repository\io\cucumber\gherkin\13.0.0\gherkin-13.0.0.jar;C:\Users\priya gopinath\.m2\repository\junit\junit\4.12\junit-4.12.jar;C:\Users\priya gopinath\.m2\repository\org\hamcrest\hamcrest-core\1.3\hamcrest-core-1.3.jar;C:\Users\priya gopinath\.m2\repository\net\masterthought\cucumber-reporting\5.3.0\cucumber-reporting-5.3.0.jar;C:\Users\priya gopinath\.m2\repository\com\fasterxml\jackson\core\jackson-databind\2.10.1\jackson-databind-2.10.1.jar;C:\Users\priya gopinath\.m2\repository\com\fasterxml\jackson\core\jackson-annotations\2.10.1\jackson-annotations-2.10.1.jar;C:\Users\priya gopinath\.m2\repository\com\fasterxml\jackson\core\jackson-core\2.10.1\jackson-core-2.10.1.jar;C:\Users\priya gopinath\.m2\repository\com\fasterxml\jackson\datatype\jackson-datatype-jsr310\2.10.1\jackson-datatype-jsr310-2.10.1.jar;C:\Users\priya gopinath\.m2\repository\org\apache\velocity\velocity-engine-core\2.1\velocity-engine-core-2.1.jar;C:\Users\priya gopinath\.m2\repository\org\slf4j\slf4j-api\1.7.26\slf4j-api-1.7.26.jar;C:\Users\priya gopinath\.m2\repository\commons-collections\commons-collections\3.2.2\commons-collections-3.2.2.jar;C:\Users\priya gopinath\.m2\repository\joda-time\joda-time\2.10.5\joda-time-2.10.5.jar;C:\Users\priya gopinath\.m2\repository\org\apache\commons\commons-lang3\3.9\commons-lang3-3.9.jar;C:\Users\priya gopinath\.m2\repository\org\codehaus\plexus\plexus-utils\3.3.0\plexus-utils-3.3.0.jar;C:\Users\priya gopinath\.m2\repository\org\jsoup\jsoup\1.12.1\jsoup-1.12.1.jar;C:\Users\priya gopinath\.m2\repository\com\googlecode\owasp-java-html-sanitizer\owasp-java-html-sanitizer\20191001.1\owasp-java-html-sanitizer-20191001.1.jar;C:\Users\priya gopinath\.m2\repository\commons-configuration\commons-configuration\1.10\commons-configuration-1.10.jar;C:\Users\priya gopinath\.m2\repository\commons-lang\commons-lang\2.6\commons-lang-2.6.jar;C:\Users\priya gopinath\.m2\repository\commons-logging\commons-logging\1.1.1\commons-logging-1.1.1.jar;"/>
    <property name="java.vm.vendor" value="Oracle Corporation"/>
    <property name="sun.arch.data.model" value="64"/>
    <property name="user.variant" value=""/>
    <property name="java.vendor.url" value="http://java.oracle.com/"/>
    <property name="user.timezone" value="Asia/Calcutta"/>
    <property name="java.vm.specification.version" value="1.8"/>
    <property name="os.name" value="Windows 10"/>
    <property name="user.country" value="IN"/>
    <property name="sun.java.launcher" value="SUN_STANDARD"/>
    <property name="sun.boot.library.path" value="C:\Program Files\Java\jdk1.8.0_251\jre\bin"/>
    <property name="sun.java.command" value="C:\Users\priya gopinath\AppData\Local\Temp\surefire3195936029644610307\surefirebooter4963592389313044268.jar C:\Users\priya gopinath\AppData\Local\Temp\surefire3195936029644610307 2020-07-06T17-29-59_277-jvmRun1 surefire8977821581665032510tmp surefire_06014410456203887307tmp"/>
    <property name="surefire.test.class.path" value="C:\Users\priya gopinath\git\ProjectSelenium\pull\CucumberProject\target\test-classes;C:\Users\priya gopinath\git\ProjectSelenium\pull\CucumberProject\target\classes;C:\Users\priya gopinath\.m2\repository\com\beust\jcommander\1.27\jcommander-1.27.jar;C:\Users\priya gopinath\.m2\repository\org\apache\poi\poi\4.1.2\poi-4.1.2.jar;C:\Users\priya gopinath\.m2\repository\commons-codec\commons-codec\1.13\commons-codec-1.13.jar;C:\Users\priya gopinath\.m2\repository\org\apache\commons\commons-collections4\4.4\commons-collections4-4.4.jar;C:\Users\priya gopinath\.m2\repository\org\apache\commons\commons-math3\3.6.1\commons-math3-3.6.1.jar;C:\Users\priya gopinath\.m2\repository\com\zaxxer\SparseBitSet\1.2\SparseBitSet-1.2.jar;C:\Users\priya gopinath\.m2\repository\org\apache\poi\poi-ooxml\4.1.2\poi-ooxml-4.1.2.jar;C:\Users\priya gopinath\.m2\repository\org\apache\poi\poi-ooxml-schemas\4.1.2\poi-ooxml-schemas-4.1.2.jar;C:\Users\priya gopinath\.m2\repository\org\apache\xmlbeans\xmlbeans\3.1.0\xmlbeans-3.1.0.jar;C:\Users\priya gopinath\.m2\repository\org\apache\commons\commons-compress\1.19\commons-compress-1.19.jar;C:\Users\priya gopinath\.m2\repository\com\github\virtuald\curvesapi\1.06\curvesapi-1.06.jar;C:\Users\priya gopinath\.m2\repository\commons-io\commons-io\2.6\commons-io-2.6.jar;C:\Users\priya gopinath\.m2\repository\org\seleniumhq\selenium\selenium-java\3.141.59\selenium-java-3.141.59.jar;C:\Users\priya gopinath\.m2\repository\org\seleniumhq\selenium\selenium-api\3.141.59\selenium-api-3.141.59.jar;C:\Users\priya gopinath\.m2\repository\org\seleniumhq\selenium\selenium-chrome-driver\3.141.59\selenium-chrome-driver-3.141.59.jar;C:\Users\priya gopinath\.m2\repository\org\seleniumhq\selenium\selenium-edge-driver\3.141.59\selenium-edge-driver-3.141.59.jar;C:\Users\priya gopinath\.m2\repository\org\seleniumhq\selenium\selenium-firefox-driver\3.141.59\selenium-firefox-driver-3.141.59.jar;C:\Users\priya gopinath\.m2\repository\org\seleniumhq\selenium\selenium-ie-driver\3.141.59\selenium-ie-driver-3.141.59.jar;C:\Users\priya gopinath\.m2\repository\org\seleniumhq\selenium\selenium-opera-driver\3.141.59\selenium-opera-driver-3.141.59.jar;C:\Users\priya gopinath\.m2\repository\org\seleniumhq\selenium\selenium-remote-driver\3.141.59\selenium-remote-driver-3.141.59.jar;C:\Users\priya gopinath\.m2\repository\org\seleniumhq\selenium\selenium-safari-driver\3.141.59\selenium-safari-driver-3.141.59.jar;C:\Users\priya gopinath\.m2\repository\org\seleniumhq\selenium\selenium-support\3.141.59\selenium-support-3.141.59.jar;C:\Users\priya gopinath\.m2\repository\net\bytebuddy\byte-buddy\1.8.15\byte-buddy-1.8.15.jar;C:\Users\priya gopinath\.m2\repository\org\apache\commons\commons-exec\1.3\commons-exec-1.3.jar;C:\Users\priya gopinath\.m2\repository\com\google\guava\guava\25.0-jre\guava-25.0-jre.jar;C:\Users\priya gopinath\.m2\repository\com\google\code\findbugs\jsr305\1.3.9\jsr305-1.3.9.jar;C:\Users\priya gopinath\.m2\repository\org\checkerframework\checker-compat-qual\2.0.0\checker-compat-qual-2.0.0.jar;C:\Users\priya gopinath\.m2\repository\com\google\errorprone\error_prone_annotations\2.1.3\error_prone_annotations-2.1.3.jar;C:\Users\priya gopinath\.m2\repository\com\google\j2objc\j2objc-annotations\1.1\j2objc-annotations-1.1.jar;C:\Users\priya gopinath\.m2\repository\org\codehaus\mojo\animal-sniffer-annotations\1.14\animal-sniffer-annotations-1.14.jar;C:\Users\priya gopinath\.m2\repository\com\squareup\okhttp3\okhttp\3.11.0\okhttp-3.11.0.jar;C:\Users\priya gopinath\.m2\repository\com\squareup\okio\okio\1.14.0\okio-1.14.0.jar;C:\Users\priya gopinath\.m2\repository\io\cucumber\cucumber-core\6.0.0\cucumber-core-6.0.0.jar;C:\Users\priya gopinath\.m2\repository\io\cucumber\cucumber-gherkin\6.0.0\cucumber-gherkin-6.0.0.jar;C:\Users\priya gopinath\.m2\repository\io\cucumber\cucumber-gherkin-messages\6.0.0\cucumber-gherkin-messages-6.0.0.jar;C:\Users\priya gopinath\.m2\repository\io\cucumber\messages\12.1.1\messages-12.1.1.jar;C:\Users\priya gopinath\.m2\repository\io\cucumber\tag-expressions\2.0.4\tag-expressions-2.0.4.jar;C:\Users\priya gopinath\.m2\repository\io\cucumber\cucumber-expressions\10.2.0\cucumber-expressions-10.2.0.jar;C:\Users\priya gopinath\.m2\repository\io\cucumber\datatable\3.3.1\datatable-3.3.1.jar;C:\Users\priya gopinath\.m2\repository\io\cucumber\cucumber-plugin\6.0.0\cucumber-plugin-6.0.0.jar;C:\Users\priya gopinath\.m2\repository\io\cucumber\docstring\6.0.0\docstring-6.0.0.jar;C:\Users\priya gopinath\.m2\repository\io\cucumber\html-formatter\6.0.2\html-formatter-6.0.2.jar;C:\Users\priya gopinath\.m2\repository\org\apiguardian\apiguardian-api\1.1.0\apiguardian-api-1.1.0.jar;C:\Users\priya gopinath\.m2\repository\io\cucumber\cucumber-java\6.0.0\cucumber-java-6.0.0.jar;C:\Users\priya gopinath\.m2\repository\io\cucumber\cucumber-jvm-deps\1.0.6\cucumber-jvm-deps-1.0.6.jar;C:\Users\priya gopinath\.m2\repository\io\cucumber\cucumber-junit\6.0.0\cucumber-junit-6.0.0.jar;C:\Users\priya gopinath\.m2\repository\io\cucumber\gherkin\13.0.0\gherkin-13.0.0.jar;C:\Users\priya gopinath\.m2\repository\junit\junit\4.12\junit-4.12.jar;C:\Users\priya gopinath\.m2\repository\org\hamcrest\hamcrest-core\1.3\hamcrest-core-1.3.jar;C:\Users\priya gopinath\.m2\repository\net\masterthought\cucumber-reporting\5.3.0\cucumber-reporting-5.3.0.jar;C:\Users\priya gopinath\.m2\repository\com\fasterxml\jackson\core\jackson-databind\2.10.1\jackson-databind-2.10.1.jar;C:\Users\priya gopinath\.m2\repository\com\fasterxml\jackson\core\jackson-annotations\2.10.1\jackson-annotations-2.10.1.jar;C:\Users\priya gopinath\.m2\repository\com\fasterxml\jackson\core\jackson-core\2.10.1\jackson-core-2.10.1.jar;C:\Users\priya gopinath\.m2\repository\com\fasterxml\jackson\datatype\jackson-datatype-jsr310\2.10.1\jackson-datatype-jsr310-2.10.1.jar;C:\Users\priya gopinath\.m2\repository\org\apache\velocity\velocity-engine-core\2.1\velocity-engine-core-2.1.jar;C:\Users\priya gopinath\.m2\repository\org\slf4j\slf4j-api\1.7.26\slf4j-api-1.7.26.jar;C:\Users\priya gopinath\.m2\repository\commons-collections\commons-collections\3.2.2\commons-collections-3.2.2.jar;C:\Users\priya gopinath\.m2\repository\joda-time\joda-time\2.10.5\joda-time-2.10.5.jar;C:\Users\priya gopinath\.m2\repository\org\apache\commons\commons-lang3\3.9\commons-lang3-3.9.jar;C:\Users\priya gopinath\.m2\repository\org\codehaus\plexus\plexus-utils\3.3.0\plexus-utils-3.3.0.jar;C:\Users\priya gopinath\.m2\repository\org\jsoup\jsoup\1.12.1\jsoup-1.12.1.jar;C:\Users\priya gopinath\.m2\repository\com\googlecode\owasp-java-html-sanitizer\owasp-java-html-sanitizer\20191001.1\owasp-java-html-sanitizer-20191001.1.jar;C:\Users\priya gopinath\.m2\repository\commons-configuration\commons-configuration\1.10\commons-configuration-1.10.jar;C:\Users\priya gopinath\.m2\repository\commons-lang\commons-lang\2.6\commons-lang-2.6.jar;C:\Users\priya gopinath\.m2\repository\commons-logging\commons-logging\1.1.1\commons-logging-1.1.1.jar;"/>
    <property name="sun.cpu.endian" value="little"/>
    <property name="user.home" value="C:\Users\priya gopinath"/>
    <property name="user.language" value="en"/>
    <property name="java.specification.vendor" value="Oracle Corporation"/>
    <property name="java.home" value="C:\Program Files\Java\jdk1.8.0_251\jre"/>
    <property name="basedir" value="C:\Users\priya gopinath\git\ProjectSelenium\pull\CucumberProject"/>
    <property name="file.separator" value="\"/>
    <property name="line.separator" value="&#10;"/>
    <property name="java.vm.specification.vendor" value="Oracle Corporation"/>
    <property name="java.specification.name" value="Java Platform API Specification"/>
    <property name="java.awt.graphicsenv" value="sun.awt.Win32GraphicsEnvironment"/>
    <property name="surefire.real.class.path" value="C:\Users\priya gopinath\AppData\Local\Temp\surefire3195936029644610307\surefirebooter4963592389313044268.jar"/>
    <property name="sun.boot.class.path" value="C:\Program Files\Java\jdk1.8.0_251\jre\lib\resources.jar;C:\Program Files\Java\jdk1.8.0_251\jre\lib\rt.jar;C:\Program Files\Java\jdk1.8.0_251\jre\lib\sunrsasign.jar;C:\Program Files\Java\jdk1.8.0_251\jre\lib\jsse.jar;C:\Program Files\Java\jdk1.8.0_251\jre\lib\jce.jar;C:\Program Files\Java\jdk1.8.0_251\jre\lib\charsets.jar;C:\Program Files\Java\jdk1.8.0_251\jre\lib\jfr.jar;C:\Program Files\Java\jdk1.8.0_251\jre\classes"/>
    <property name="user.script" value=""/>
    <property name="sun.management.compiler" value="HotSpot 64-Bit Tiered Compilers"/>
    <property name="java.runtime.version" value="1.8.0_251-b08"/>
    <property name="user.name" value="priya gopinath"/>
    <property name="path.separator" value=";"/>
    <property name="os.version" value="10.0"/>
    <property name="java.endorsed.dirs" value="C:\Program Files\Java\jdk1.8.0_251\jre\lib\endorsed"/>
    <property name="java.runtime.name" value="Java(TM) SE Runtime Environment"/>
    <property name="file.encoding" value="Cp1252"/>
    <property name="java.vm.name" value="Java HotSpot(TM) 64-Bit Server VM"/>
    <property name="localRepository" value="C:\Users\priya gopinath\.m2\repository"/>
    <property name="java.vendor.url.bug" value="http://bugreport.sun.com/bugreport/"/>
    <property name="java.io.tmpdir" value="C:\Users\PRIYAG~1\AppData\Local\Temp\"/>
    <property name="java.version" value="1.8.0_251"/>
    <property name="user.dir" value="C:\Users\priya gopinath\git\ProjectSelenium\pull\CucumberProject"/>
    <property name="os.arch" value="amd64"/>
    <property name="java.vm.specification.name" value="Java Virtual Machine Specification"/>
    <property name="java.awt.printerjob" value="sun.awt.windows.WPrinterJob"/>
    <property name="sun.os.patch.level" value=""/>
    <property name="java.library.path" value="C:\Program Files\Java\jdk1.8.0_251\jre\bin;C:\Windows\Sun\Java\bin;C:\Windows\system32;C:\Windows;C:\Program Files (x86)\Common Files\Oracle\Java\javapath;C:\Windows\system32;C:\Windows;C:\Windows\System32\Wbem;C:\Windows\System32\WindowsPowerShell\v1.0\;C:\Windows\System32\OpenSSH\;C:\Program Files\Intel\WiFi\bin\;C:\Program Files\Common Files\Intel\WirelessCommon\;C:\Program Files\apache-maven-3.6.3-bin\apache-maven-3.6.3\bin;C:\Program Files\Java\jdk1.8.0_251\bin;C:\Program Files\Git\cmd;C:\Users\priya gopinath\AppData\Local\Microsoft\WindowsApps;."/>
    <property name="java.vm.info" value="mixed mode"/>
    <property name="java.vendor" value="Oracle Corporation"/>
    <property name="java.vm.version" value="25.251-b08"/>
    <property name="java.ext.dirs" value="C:\Program Files\Java\jdk1.8.0_251\jre\lib\ext;C:\Windows\Sun\Java\lib\ext"/>
    <property name="sun.io.unicode.encoding" value="UnicodeLittle"/>
    <property name="java.class.version" value="52.0"/>
  </properties>
  <testcase name="Verify user should see the hotel application" classname="Testing the adactin hotel reservation application using automation test" time="0.561">
    <system-out><![CDATA[
@sc
Scenario: Verify user should see the hotel application &amp#27;[90m# src/test/java/com/opencart/features/Adactin.feature:3&amp#27;[0m
  &amp#27;[32mWhen &amp#27;[0m&amp#27;[32mUser should see the Adactin text on the header&amp#27;[0m  &amp#27;[90m# com.opencart.stepdefinition.AdactinDefinition.user_should_see_the_Adactin_text_on_the_header()&amp#27;[0m
]]></system-out>
    <system-err><![CDATA[Starting ChromeDriver 83.0.4103.39 (ccbf011cb2d2b19b506d844400483861342c20cd-refs/branch-heads/4103@{#416}) on port 24220
Only local connections are allowed.
Please see https://chromedriver.chromium.org/security-considerations for suggestions on keeping ChromeDriver safe.
ChromeDriver was started successfully.
Jul 06, 2020 5:30:05 PM org.openqa.selenium.remote.ProtocolHandshake createSession
INFO: Detected dialect: W3C
]]></system-err>
  </testcase>
  <testcase name="Verify user is able to login the application" classname="Testing the adactin hotel reservation application using automation test" time="5.764">
    <system-out><![CDATA[
@sc
Scenario: Verify user is able to login the application                 &amp#27;[90m# src/test/java/com/opencart/features/Adactin.feature:6&amp#27;[0m
  &amp#27;[32mWhen &amp#27;[0m&amp#27;[32mUser should enter the username &amp#27;[0m&amp#27;[32m&amp#27;[1m"priyagopinath"&amp#27;[0m&amp#27;[32m in the userfield&amp#27;[0m &amp#27;[90m# com.opencart.stepdefinition.AdactinDefinition.user_should_enter_the_username_in_the_userfield(java.lang.String)&amp#27;[0m
  &amp#27;[32mThen &amp#27;[0m&amp#27;[32mUser should enter the password &amp#27;[0m&amp#27;[32m&amp#27;[1m"Z94RR4"&amp#27;[0m&amp#27;[32m in the passwordfield&amp#27;[0m    &amp#27;[90m# com.opencart.stepdefinition.AdactinDefinition.user_should_enter_the_password_in_the_passwordfield(java.lang.String)&amp#27;[0m
  &amp#27;[32mAnd &amp#27;[0m&amp#27;[32mUser should click the login button&amp#27;[0m                               &amp#27;[90m# com.opencart.stepdefinition.AdactinDefinition.user_should_click_the_login_button()&amp#27;[0m
]]></system-out>
  </testcase>
  <testcase name="Verify user is able to give checkout dates later than checkin" classname="Testing the adactin hotel reservation application using automation test" time="1.257">
    <system-out><![CDATA[
@sc
Scenario: Verify user is able to give checkout dates later than checkin    &amp#27;[90m# src/test/java/com/opencart/features/Adactin.feature:11&amp#27;[0m
  &amp#27;[32mWhen &amp#27;[0m&amp#27;[32mUser should select the location &amp#27;[0m&amp#27;[32m&amp#27;[1m"Melbourne"&amp#27;[0m&amp#27;[32m in the location pannel&amp#27;[0m  &amp#27;[90m# com.opencart.stepdefinition.AdactinDefinition.user_should_select_the_location_in_the_location_pannel(java.lang.String)&amp#27;[0m
  &amp#27;[32mThen &amp#27;[0m&amp#27;[32mUser  should select the hotels &amp#27;[0m&amp#27;[32m&amp#27;[1m"2"&amp#27;[0m&amp#27;[32m in the hotels pannel&amp#27;[0m             &amp#27;[90m# com.opencart.stepdefinition.AdactinDefinition.user_should_select_the_hotels_in_the_hotels_pannel(java.lang.String)&amp#27;[0m
  &amp#27;[32mThen &amp#27;[0m&amp#27;[32mUser should  select the roomtype &amp#27;[0m&amp#27;[32m&amp#27;[1m"Standard"&amp#27;[0m&amp#27;[32m in the roomtype pannel&amp#27;[0m  &amp#27;[90m# com.opencart.stepdefinition.AdactinDefinition.user_should_select_the_roomtype_in_the_roomtype_pannel(java.lang.String)&amp#27;[0m
  &amp#27;[32mThen &amp#27;[0m&amp#27;[32mUser should select number of rooms &amp#27;[0m&amp#27;[32m&amp#27;[1m"3"&amp#27;[0m&amp#27;[32m in the numpannel&amp#27;[0m             &amp#27;[90m# com.opencart.stepdefinition.AdactinDefinition.user_should_select_number_of_rooms_in_the_numpannel(java.lang.String)&amp#27;[0m
  &amp#27;[32mAnd &amp#27;[0m&amp#27;[32mUser should select adult &amp#27;[0m&amp#27;[32m&amp#27;[1m"2"&amp#27;[0m&amp#27;[32m in the adultperroom pannel&amp#27;[0m              &amp#27;[90m# com.opencart.stepdefinition.AdactinDefinition.user_should_select_adult_in_the_adultperroom_pannel(java.lang.String)&amp#27;[0m
  &amp#27;[32mAnd &amp#27;[0m&amp#27;[32mUser should select childrenperroom &amp#27;[0m&amp#27;[32m&amp#27;[1m"0"&amp#27;[0m&amp#27;[32m in the childrenperroom pannel&amp#27;[0m &amp#27;[90m# com.opencart.stepdefinition.AdactinDefinition.user_should_select_childrenperroom_in_the_childrenperroom_pannel(java.lang.String)&amp#27;[0m
]]></system-out>
  </testcase>
  <testcase name="Verify whether it goes to next page when  checkin and checkout are correctly given" classname="Testing the adactin hotel reservation application using automation test" time="2.19">
    <system-out><![CDATA[
@sc
Scenario: Verify whether it goes to next page when  checkin and checkout are correctly given &amp#27;[90m# src/test/java/com/opencart/features/Adactin.feature:24&amp#27;[0m
  &amp#27;[32mAnd &amp#27;[0m&amp#27;[32mUser should enter the expected checkin date &amp#27;[0m&amp#27;[32m&amp#27;[1m"21/06/2020"&amp#27;[0m&amp#27;[32m in the pannel&amp#27;[0m                 &amp#27;[90m# com.opencart.stepdefinition.AdactinDefinition.user_should_enter_the_expected_checkin_date_in_the_pannel(java.lang.String)&amp#27;[0m
  &amp#27;[32mAnd &amp#27;[0m&amp#27;[32mUser should enter the expected checkout date &amp#27;[0m&amp#27;[32m&amp#27;[1m"23/06/2020"&amp#27;[0m&amp#27;[32m in the pannel&amp#27;[0m                &amp#27;[90m# com.opencart.stepdefinition.AdactinDefinition.user_should_enter_the_expected_checkout_date_in_the_pannel(java.lang.String)&amp#27;[0m
  &amp#27;[32mAnd &amp#27;[0m&amp#27;[32mUser should click the search button&amp#27;[0m                                                    &amp#27;[90m# com.opencart.stepdefinition.AdactinDefinition.user_should_click_the_search_button()&amp#27;[0m
]]></system-out>
  </testcase>
  <testcase name="Verify whether the datas in the select hotel page are same as given datas in search hotel page" classname="Testing the adactin hotel reservation application using automation test" time="0.42">
    <system-out><![CDATA[
@sc
Scenario: Verify whether the datas in the select hotel page are same as given datas in search hotel page &amp#27;[90m# src/test/java/com/opencart/features/Adactin.feature:29&amp#27;[0m
same location is displayed
  &amp#27;[32mGiven &amp#27;[0m&amp#27;[32mUser should get the text in the location pannel of select hotel&amp#27;[0m                                  &amp#27;[90m# com.opencart.stepdefinition.AdactinDefinition.user_should_get_the_text_in_the_location_pannel_of_select_hotel()&amp#27;[0m
checkin is displayed
  &amp#27;[32mThen &amp#27;[0m&amp#27;[32mUser should compare it with the given checkin data&amp#27;[0m                                                &amp#27;[90m# com.opencart.stepdefinition.AdactinDefinition.user_should_compare_it_with_the_given_checkin_data()&amp#27;[0m
checkout is displayed
Same room type
Num of rooms same
[Melbourne, Standard, 2 Days]
  &amp#27;[32mThen &amp#27;[0m&amp#27;[32mUser should compare it with the given checkout data&amp#27;[0m                                               &amp#27;[90m# com.opencart.stepdefinition.AdactinDefinition.user_should_compare_it_with_the_given_checkout_data()&amp#27;[0m
]]></system-out>
  </testcase>
  <testcase name="Verify wether the datas displayed in book hotel page is same as select hotel page" classname="Testing the adactin hotel reservation application using automation test" time="8.621">
    <system-out><![CDATA[
@sc
Scenario: Verify wether the datas displayed in book hotel page is same as select hotel page &amp#27;[90m# src/test/java/com/opencart/features/Adactin.feature:38&amp#27;[0m
  &amp#27;[32mWhen &amp#27;[0m&amp#27;[32mUser should compare all datas displayed in select hotel page with book hotel page&amp#27;[0m    &amp#27;[90m# com.opencart.stepdefinition.AdactinDefinition.user_should_compare_all_datas_displayed_in_select_hotel_page_with_book_hotel_page()&amp#27;[0m
AUD $ 175
360
  &amp#27;[32mThen &amp#27;[0m&amp#27;[32mUser should check the total price calculated is correct&amp#27;[0m                              &amp#27;[90m# com.opencart.stepdefinition.AdactinDefinition.user_should_check_the_total_price_calculated_is_correct()&amp#27;[0m
396
396
final bill is calculated correctly
  &amp#27;[32mThen &amp#27;[0m&amp#27;[32mUser should confirm the fnl bill price is correctly calculated&amp#27;[0m                       &amp#27;[90m# com.opencart.stepdefinition.AdactinDefinition.user_should_confirm_the_fnl_bill_price_is_correctly_calculated()&amp#27;[0m
  &amp#27;[32mThen &amp#27;[0m&amp#27;[32mUser should eneter first name  &amp#27;[0m&amp#27;[32m&amp#27;[1m"priya"&amp#27;[0m&amp#27;[32m  in the name field&amp#27;[0m                            &amp#27;[90m# com.opencart.stepdefinition.AdactinDefinition.user_should_eneter_first_name_in_the_name_field(java.lang.String)&amp#27;[0m
  &amp#27;[32mAnd &amp#27;[0m&amp#27;[32mUser should enter last name  &amp#27;[0m&amp#27;[32m&amp#27;[1m"gopinath"&amp#27;[0m&amp#27;[32m  in the last name field&amp#27;[0m                       &amp#27;[90m# com.opencart.stepdefinition.AdactinDefinition.user_should_enter_last_name_in_the_last_name_field(java.lang.String)&amp#27;[0m
  &amp#27;[32mAnd &amp#27;[0m&amp#27;[32mUser should enter the address  &amp#27;[0m&amp#27;[32m&amp#27;[1m"induvihar"&amp#27;[0m&amp#27;[32m  in the address field&amp#27;[0m                      &amp#27;[90m# com.opencart.stepdefinition.AdactinDefinition.user_should_enter_the_address_in_the_address_field(java.lang.String)&amp#27;[0m
  &amp#27;[32mAnd &amp#27;[0m&amp#27;[32mUser should enter the card details and select book now&amp#27;[0m                                &amp#27;[90m# com.opencart.stepdefinition.AdactinDefinition.user_should_enter_the_card_details_and_select_book_now()&amp#27;[0m
]]></system-out>
  </testcase>
  <testcase name="Verify wether order confirmation is diplayed in confirmation page and itenary details are correct and cant edit" classname="Testing the adactin hotel reservation application using automation test" time="6.293">
    <system-out><![CDATA[
@sc
Scenario: Verify wether order confirmation is diplayed in confirmation page and itenary details are correct and cant edit &amp#27;[90m# src/test/java/com/opencart/features/Adactin.feature:47&amp#27;[0m
  &amp#27;[32mWhen &amp#27;[0m&amp#27;[32mUser should check whether order confirmation is displayed&amp#27;[0m                                                          &amp#27;[90m# com.opencart.stepdefinition.AdactinDefinition.user_should_check_whether_order_confirmation_is_displayed()&amp#27;[0m
cant edit order number
  &amp#27;[32mThen &amp#27;[0m&amp#27;[32mUser should check order confirmation is not editable&amp#27;[0m                                                               &amp#27;[90m# com.opencart.stepdefinition.AdactinDefinition.user_should_check_order_confirmation_is_not_editable()&amp#27;[0m
  &amp#27;[32mThen &amp#27;[0m&amp#27;[32mUser should click myItinerary&amp#27;[0m                                                                                      &amp#27;[90m# com.opencart.stepdefinition.AdactinDefinition.user_should_click_myItinerary()&amp#27;[0m
  &amp#27;[32mThen &amp#27;[0m&amp#27;[32mUser should check whether order can search in searchbox&amp#27;[0m                                                            &amp#27;[90m# com.opencart.stepdefinition.AdactinDefinition.user_should_check_whether_order_can_search_in_searchbox()&amp#27;[0m
not editable
  &amp#27;[32mAnd &amp#27;[0m&amp#27;[32mUser should confirm that enetered datas are not editable&amp#27;[0m                                                            &amp#27;[90m# com.opencart.stepdefinition.AdactinDefinition.user_should_confirm_that_enetered_datas_are_not_editable()&amp#27;[0m
]]></system-out>
  </testcase>
</testsuite>